150104 14:26:34 [Note] Plugin 'FEDERATED' is disabled.
150104 14:26:34 InnoDB: The InnoDB memory heap is disabled
150104 14:26:34 InnoDB: Mutexes and rw_locks use Windows interlocked functions
150104 14:26:34 InnoDB: Compressed tables use zlib 1.2.3
150104 14:26:34 InnoDB: Initializing buffer pool, size = 128.0M
150104 14:26:34 InnoDB: Completed initialization of buffer pool
InnoDB: The first specified data file .\ibdata1 did not exist:
InnoDB: a new database to be created!
150104 14:26:34  InnoDB: Setting file .\ibdata1 size to 10 MB
InnoDB: Database physically writes the file full: wait...
150104 14:26:35  InnoDB: Log file .\ib_logfile0 did not exist: new to be created
InnoDB: Setting log file .\ib_logfile0 size to 5 MB
InnoDB: Database physically writes the file full: wait...
150104 14:26:35  InnoDB: Log file .\ib_logfile1 did not exist: new to be created
InnoDB: Setting log file .\ib_logfile1 size to 5 MB
InnoDB: Database physically writes the file full: wait...
InnoDB: Doublewrite buffer not found: creating new
InnoDB: Doublewrite buffer created
InnoDB: 127 rollback segment(s) active.
InnoDB: Creating foreign key constraint system tables
InnoDB: Foreign key constraint system tables created
150104 14:26:36  InnoDB: Waiting for the background threads to start
150104 14:26:37 InnoDB: 1.1.8 started; log sequence number 0
150104 14:26:37 [Note] Server hostname (bind-address): '127.0.0.1'; port: 3306
150104 14:26:37 [Note]   - '127.0.0.1' resolves to '127.0.0.1';
150104 14:26:37 [Note] Server socket created on IP: '127.0.0.1'.
150104 14:26:37 [Note] Event Scheduler: Loaded 0 events
150104 14:26:37 [Note] \usr\local\mysql-5.5\bin\mysqld.exe: ready for connections.
Version: '5.5.25'  socket: ''  port: 3306  MySQL Community Server (GPL)
150104 14:30:03 [Note] Plugin 'FEDERATED' is disabled.
150104 14:30:03 InnoDB: The InnoDB memory heap is disabled
150104 14:30:03 InnoDB: Mutexes and rw_locks use Windows interlocked functions
150104 14:30:03 InnoDB: Compressed tables use zlib 1.2.3
150104 14:30:03 InnoDB: Initializing buffer pool, size = 128.0M
150104 14:30:03 InnoDB: Completed initialization of buffer pool
150104 14:30:04 InnoDB: highest supported file format is Barracuda.
InnoDB: The log sequence number in ibdata files does not match
InnoDB: the log sequence number in the ib_logfiles!
150104 14:30:04  InnoDB: Database was not shut down normally!
InnoDB: Starting crash recovery.
InnoDB: Reading tablespace information from the .ibd files...
InnoDB: Restoring possible half-written data pages from the doublewrite
InnoDB: buffer...
150104 14:30:04  InnoDB: Waiting for the background threads to start
150104 14:30:05 InnoDB: 1.1.8 started; log sequence number 1595675
150104 14:30:05 [Note] Server hostname (bind-address): '127.0.0.1'; port: 3306
150104 14:30:05 [Note]   - '127.0.0.1' resolves to '127.0.0.1';
150104 14:30:05 [Note] Server socket created on IP: '127.0.0.1'.
150104 14:30:05 [Note] Event Scheduler: Loaded 0 events
150104 14:30:05 [Note] \usr\local\mysql-5.5\bin\mysqld.exe: ready for connections.
Version: '5.5.25'  socket: ''  port: 3306  MySQL Community Server (GPL)
150104 14:30:38 [Note] Plugin 'FEDERATED' is disabled.
150104 14:30:38 InnoDB: The InnoDB memory heap is disabled
150104 14:30:38 InnoDB: Mutexes and rw_locks use Windows interlocked functions
150104 14:30:38 InnoDB: Compressed tables use zlib 1.2.3
150104 14:30:38 InnoDB: Initializing buffer pool, size = 128.0M
150104 14:30:38 InnoDB: Completed initialization of buffer pool
150104 14:30:38 InnoDB: highest supported file format is Barracuda.
InnoDB: The log sequence number in ibdata files does not match
InnoDB: the log sequence number in the ib_logfiles!
150104 14:30:38  InnoDB: Database was not shut down normally!
InnoDB: Starting crash recovery.
InnoDB: Reading tablespace information from the .ibd files...
InnoDB: Restoring possible half-written data pages from the doublewrite
InnoDB: buffer...
150104 14:30:39  InnoDB: Waiting for the background threads to start
150104 14:30:40 InnoDB: 1.1.8 started; log sequence number 1595675
150104 14:30:40 [Note] Server hostname (bind-address): '127.0.0.1'; port: 3306
150104 14:30:40 [Note]   - '127.0.0.1' resolves to '127.0.0.1';
150104 14:30:40 [Note] Server socket created on IP: '127.0.0.1'.
150104 14:30:40 [Note] Event Scheduler: Loaded 0 events
150104 14:30:40 [Note] \usr\local\mysql-5.5\bin\mysqld.exe: ready for connections.
Version: '5.5.25'  socket: ''  port: 3306  MySQL Community Server (GPL)
150104 14:34:19 [Note] Plugin 'FEDERATED' is disabled.
150104 14:34:19 InnoDB: The InnoDB memory heap is disabled
150104 14:34:19 InnoDB: Mutexes and rw_locks use Windows interlocked functions
150104 14:34:19 InnoDB: Compressed tables use zlib 1.2.3
150104 14:34:19 InnoDB: Initializing buffer pool, size = 128.0M
150104 14:34:19 InnoDB: Completed initialization of buffer pool
150104 14:34:19 InnoDB: highest supported file format is Barracuda.
InnoDB: The log sequence number in ibdata files does not match
InnoDB: the log sequence number in the ib_logfiles!
150104 14:34:19  InnoDB: Database was not shut down normally!
InnoDB: Starting crash recovery.
InnoDB: Reading tablespace information from the .ibd files...
InnoDB: Restoring possible half-written data pages from the doublewrite
InnoDB: buffer...
150104 14:34:19  InnoDB: Waiting for the background threads to start
150104 14:34:20 InnoDB: 1.1.8 started; log sequence number 1595675
150104 14:34:20 [Note] Server hostname (bind-address): '127.0.0.1'; port: 3306
150104 14:34:20 [Note]   - '127.0.0.1' resolves to '127.0.0.1';
150104 14:34:20 [Note] Server socket created on IP: '127.0.0.1'.
150104 14:34:20 [Note] Event Scheduler: Loaded 0 events
150104 14:34:20 [Note] \usr\local\mysql-5.5\bin\mysqld.exe: ready for connections.
Version: '5.5.25'  socket: ''  port: 3306  MySQL Community Server (GPL)
150104 14:36:31 [Note] Plugin 'FEDERATED' is disabled.
150104 14:36:31 InnoDB: The InnoDB memory heap is disabled
150104 14:36:31 InnoDB: Mutexes and rw_locks use Windows interlocked functions
150104 14:36:31 InnoDB: Compressed tables use zlib 1.2.3
150104 14:36:31 InnoDB: Initializing buffer pool, size = 128.0M
150104 14:36:31 InnoDB: Completed initialization of buffer pool
150104 14:36:31 InnoDB: highest supported file format is Barracuda.
InnoDB: The log sequence number in ibdata files does not match
InnoDB: the log sequence number in the ib_logfiles!
150104 14:36:31  InnoDB: Database was not shut down normally!
InnoDB: Starting crash recovery.
InnoDB: Reading tablespace information from the .ibd files...
InnoDB: Restoring possible half-written data pages from the doublewrite
InnoDB: buffer...
150104 14:36:31  InnoDB: Waiting for the background threads to start
150104 14:36:32 InnoDB: 1.1.8 started; log sequence number 1595675
150104 14:36:32 [Note] Server hostname (bind-address): '127.0.0.1'; port: 3306
150104 14:36:32 [Note]   - '127.0.0.1' resolves to '127.0.0.1';
150104 14:36:32 [Note] Server socket created on IP: '127.0.0.1'.
150104 14:36:33 [Note] Event Scheduler: Loaded 0 events
150104 14:36:33 [Note] \usr\local\mysql-5.5\bin\mysqld.exe: ready for connections.
Version: '5.5.25'  socket: ''  port: 3306  MySQL Community Server (GPL)
150104 14:40:42 [Note] Plugin 'FEDERATED' is disabled.
150104 14:40:42 InnoDB: The InnoDB memory heap is disabled
150104 14:40:42 InnoDB: Mutexes and rw_locks use Windows interlocked functions
150104 14:40:42 InnoDB: Compressed tables use zlib 1.2.3
150104 14:40:42 InnoDB: Initializing buffer pool, size = 128.0M
150104 14:40:42 InnoDB: Completed initialization of buffer pool
150104 14:40:42 InnoDB: highest supported file format is Barracuda.
InnoDB: The log sequence number in ibdata files does not match
InnoDB: the log sequence number in the ib_logfiles!
150104 14:40:42  InnoDB: Database was not shut down normally!
InnoDB: Starting crash recovery.
InnoDB: Reading tablespace information from the .ibd files...
InnoDB: Restoring possible half-written data pages from the doublewrite
InnoDB: buffer...
150104 14:40:42  InnoDB: Waiting for the background threads to start
150104 14:40:43 InnoDB: 1.1.8 started; log sequence number 1595675
150104 14:40:43 [Note] Server hostname (bind-address): '127.0.0.1'; port: 3306
150104 14:40:43 [Note]   - '127.0.0.1' resolves to '127.0.0.1';
150104 14:40:43 [Note] Server socket created on IP: '127.0.0.1'.
150104 14:40:43 [Note] Event Scheduler: Loaded 0 events
150104 14:40:43 [Note] \usr\local\mysql-5.5\bin\mysqld.exe: ready for connections.
Version: '5.5.25'  socket: ''  port: 3306  MySQL Community Server (GPL)
150104 14:48:17 [Note] Plugin 'FEDERATED' is disabled.
150104 14:48:17 InnoDB: The InnoDB memory heap is disabled
150104 14:48:17 InnoDB: Mutexes and rw_locks use Windows interlocked functions
150104 14:48:17 InnoDB: Compressed tables use zlib 1.2.3
150104 14:48:17 InnoDB: Initializing buffer pool, size = 128.0M
150104 14:48:17 InnoDB: Completed initialization of buffer pool
150104 14:48:17 InnoDB: highest supported file format is Barracuda.
InnoDB: The log sequence number in ibdata files does not match
InnoDB: the log sequence number in the ib_logfiles!
150104 14:48:17  InnoDB: Database was not shut down normally!
InnoDB: Starting crash recovery.
InnoDB: Reading tablespace information from the .ibd files...
InnoDB: Restoring possible half-written data pages from the doublewrite
InnoDB: buffer...
150104 14:48:17  InnoDB: Waiting for the background threads to start
150104 14:48:18 InnoDB: 1.1.8 started; log sequence number 1595675
150104 14:48:18 [Note] Server hostname (bind-address): '127.0.0.1'; port: 3306
150104 14:48:18 [Note]   - '127.0.0.1' resolves to '127.0.0.1';
150104 14:48:18 [Note] Server socket created on IP: '127.0.0.1'.
150104 14:48:18 [Note] Event Scheduler: Loaded 0 events
150104 14:48:19 [Note] \usr\local\mysql-5.5\bin\mysqld.exe: ready for connections.
Version: '5.5.25'  socket: ''  port: 3306  MySQL Community Server (GPL)
150104 14:58:32 [Note] Plugin 'FEDERATED' is disabled.
150104 14:58:32 InnoDB: The InnoDB memory heap is disabled
150104 14:58:32 InnoDB: Mutexes and rw_locks use Windows interlocked functions
150104 14:58:32 InnoDB: Compressed tables use zlib 1.2.3
150104 14:58:32 InnoDB: Initializing buffer pool, size = 128.0M
150104 14:58:32 InnoDB: Completed initialization of buffer pool
150104 14:58:32 InnoDB: highest supported file format is Barracuda.
InnoDB: The log sequence number in ibdata files does not match
InnoDB: the log sequence number in the ib_logfiles!
150104 14:58:32  InnoDB: Database was not shut down normally!
InnoDB: Starting crash recovery.
InnoDB: Reading tablespace information from the .ibd files...
InnoDB: Restoring possible half-written data pages from the doublewrite
InnoDB: buffer...
150104 14:58:32  InnoDB: Waiting for the background threads to start
150104 14:58:33 InnoDB: 1.1.8 started; log sequence number 1595675
150104 14:58:33 [Note] Server hostname (bind-address): '127.0.0.1'; port: 3306
150104 14:58:33 [Note]   - '127.0.0.1' resolves to '127.0.0.1';
150104 14:58:33 [Note] Server socket created on IP: '127.0.0.1'.
150104 14:58:33 [Note] Event Scheduler: Loaded 0 events
150104 14:58:33 [Note] \usr\local\mysql-5.5\bin\mysqld.exe: ready for connections.
Version: '5.5.25'  socket: ''  port: 3306  MySQL Community Server (GPL)
150104 15:03:37 [Note] Plugin 'FEDERATED' is disabled.
150104 15:03:37 InnoDB: The InnoDB memory heap is disabled
150104 15:03:37 InnoDB: Mutexes and rw_locks use Windows interlocked functions
150104 15:03:37 InnoDB: Compressed tables use zlib 1.2.3
150104 15:03:37 InnoDB: Initializing buffer pool, size = 128.0M
150104 15:03:37 InnoDB: Completed initialization of buffer pool
150104 15:03:37 InnoDB: highest supported file format is Barracuda.
InnoDB: The log sequence number in ibdata files does not match
InnoDB: the log sequence number in the ib_logfiles!
150104 15:03:37  InnoDB: Database was not shut down normally!
InnoDB: Starting crash recovery.
InnoDB: Reading tablespace information from the .ibd files...
InnoDB: Restoring possible half-written data pages from the doublewrite
InnoDB: buffer...
150104 15:03:38  InnoDB: Waiting for the background threads to start
150104 15:03:39 InnoDB: 1.1.8 started; log sequence number 1595675
150104 15:03:39 [Note] Server hostname (bind-address): '127.0.0.1'; port: 3306
150104 15:03:39 [Note]   - '127.0.0.1' resolves to '127.0.0.1';
150104 15:03:39 [Note] Server socket created on IP: '127.0.0.1'.
150104 15:03:39 [Note] Event Scheduler: Loaded 0 events
150104 15:03:39 [Note] \usr\local\mysql-5.5\bin\mysqld.exe: ready for connections.
Version: '5.5.25'  socket: ''  port: 3306  MySQL Community Server (GPL)
150104 15:08:07 [Note] Plugin 'FEDERATED' is disabled.
150104 15:08:07 InnoDB: The InnoDB memory heap is disabled
150104 15:08:07 InnoDB: Mutexes and rw_locks use Windows interlocked functions
150104 15:08:07 InnoDB: Compressed tables use zlib 1.2.3
150104 15:08:07 InnoDB: Initializing buffer pool, size = 128.0M
150104 15:08:07 InnoDB: Completed initialization of buffer pool
150104 15:08:07 InnoDB: highest supported file format is Barracuda.
InnoDB: The log sequence number in ibdata files does not match
InnoDB: the log sequence number in the ib_logfiles!
150104 15:08:07  InnoDB: Database was not shut down normally!
InnoDB: Starting crash recovery.
InnoDB: Reading tablespace information from the .ibd files...
InnoDB: Restoring possible half-written data pages from the doublewrite
InnoDB: buffer...
150104 15:08:07  InnoDB: Waiting for the background threads to start
150104 15:08:08 InnoDB: 1.1.8 started; log sequence number 1595675
150104 15:08:08 [Note] Server hostname (bind-address): '127.0.0.1'; port: 3306
150104 15:08:08 [Note]   - '127.0.0.1' resolves to '127.0.0.1';
150104 15:08:08 [Note] Server socket created on IP: '127.0.0.1'.
150104 15:08:08 [Note] Event Scheduler: Loaded 0 events
150104 15:08:08 [Note] \usr\local\mysql-5.5\bin\mysqld.exe: ready for connections.
Version: '5.5.25'  socket: ''  port: 3306  MySQL Community Server (GPL)
150104 15:09:03 [Note] Plugin 'FEDERATED' is disabled.
150104 15:09:03 InnoDB: The InnoDB memory heap is disabled
150104 15:09:03 InnoDB: Mutexes and rw_locks use Windows interlocked functions
150104 15:09:03 InnoDB: Compressed tables use zlib 1.2.3
150104 15:09:03 InnoDB: Initializing buffer pool, size = 128.0M
150104 15:09:03 InnoDB: Completed initialization of buffer pool
150104 15:09:03 InnoDB: highest supported file format is Barracuda.
InnoDB: The log sequence number in ibdata files does not match
InnoDB: the log sequence number in the ib_logfiles!
150104 15:09:03  InnoDB: Database was not shut down normally!
InnoDB: Starting crash recovery.
InnoDB: Reading tablespace information from the .ibd files...
InnoDB: Restoring possible half-written data pages from the doublewrite
InnoDB: buffer...
150104 15:09:03  InnoDB: Waiting for the background threads to start
150104 15:09:04 InnoDB: 1.1.8 started; log sequence number 1595675
150104 15:09:04 [Note] Server hostname (bind-address): '127.0.0.1'; port: 3306
150104 15:09:04 [Note]   - '127.0.0.1' resolves to '127.0.0.1';
150104 15:09:04 [Note] Server socket created on IP: '127.0.0.1'.
150104 15:09:04 [Note] Event Scheduler: Loaded 0 events
150104 15:09:04 [Note] \usr\local\mysql-5.5\bin\mysqld.exe: ready for connections.
Version: '5.5.25'  socket: ''  port: 3306  MySQL Community Server (GPL)
150104 15:09:28 [Note] Plugin 'FEDERATED' is disabled.
150104 15:09:28 InnoDB: The InnoDB memory heap is disabled
150104 15:09:28 InnoDB: Mutexes and rw_locks use Windows interlocked functions
150104 15:09:28 InnoDB: Compressed tables use zlib 1.2.3
150104 15:09:28 InnoDB: Initializing buffer pool, size = 128.0M
150104 15:09:28 InnoDB: Completed initialization of buffer pool
150104 15:09:28 InnoDB: highest supported file format is Barracuda.
InnoDB: The log sequence number in ibdata files does not match
InnoDB: the log sequence number in the ib_logfiles!
150104 15:09:28  InnoDB: Database was not shut down normally!
InnoDB: Starting crash recovery.
InnoDB: Reading tablespace information from the .ibd files...
InnoDB: Restoring possible half-written data pages from the doublewrite
InnoDB: buffer...
150104 15:09:28  InnoDB: Waiting for the background threads to start
150104 15:09:29 InnoDB: 1.1.8 started; log sequence number 1595675
150104 15:09:29 [Note] Server hostname (bind-address): '127.0.0.1'; port: 3306
150104 15:09:29 [Note]   - '127.0.0.1' resolves to '127.0.0.1';
150104 15:09:29 [Note] Server socket created on IP: '127.0.0.1'.
150104 15:09:29 [Note] Event Scheduler: Loaded 0 events
150104 15:09:29 [Note] \usr\local\mysql-5.5\bin\mysqld.exe: ready for connections.
Version: '5.5.25'  socket: ''  port: 3306  MySQL Community Server (GPL)
150104 15:12:38 [Note] Plugin 'FEDERATED' is disabled.
150104 15:12:38 InnoDB: The InnoDB memory heap is disabled
150104 15:12:38 InnoDB: Mutexes and rw_locks use Windows interlocked functions
150104 15:12:38 InnoDB: Compressed tables use zlib 1.2.3
150104 15:12:38 InnoDB: Initializing buffer pool, size = 128.0M
150104 15:12:38 InnoDB: Completed initialization of buffer pool
150104 15:12:38 InnoDB: highest supported file format is Barracuda.
InnoDB: The log sequence number in ibdata files does not match
InnoDB: the log sequence number in the ib_logfiles!
150104 15:12:38  InnoDB: Database was not shut down normally!
InnoDB: Starting crash recovery.
InnoDB: Reading tablespace information from the .ibd files...
InnoDB: Restoring possible half-written data pages from the doublewrite
InnoDB: buffer...
150104 15:12:38  InnoDB: Waiting for the background threads to start
150104 15:12:39 InnoDB: 1.1.8 started; log sequence number 1595675
150104 15:12:39 [Note] Server hostname (bind-address): '127.0.0.1'; port: 3306
150104 15:12:39 [Note]   - '127.0.0.1' resolves to '127.0.0.1';
150104 15:12:39 [Note] Server socket created on IP: '127.0.0.1'.
150104 15:12:39 [Note] Event Scheduler: Loaded 0 events
150104 15:12:39 [Note] \usr\local\mysql-5.5\bin\mysqld.exe: ready for connections.
Version: '5.5.25'  socket: ''  port: 3306  MySQL Community Server (GPL)
150104 15:17:02 [Note] Plugin 'FEDERATED' is disabled.
150104 15:17:02 InnoDB: The InnoDB memory heap is disabled
150104 15:17:02 InnoDB: Mutexes and rw_locks use Windows interlocked functions
150104 15:17:02 InnoDB: Compressed tables use zlib 1.2.3
150104 15:17:02 InnoDB: Initializing buffer pool, size = 128.0M
150104 15:17:02 InnoDB: Completed initialization of buffer pool
150104 15:17:02 InnoDB: highest supported file format is Barracuda.
InnoDB: The log sequence number in ibdata files does not match
InnoDB: the log sequence number in the ib_logfiles!
150104 15:17:02  InnoDB: Database was not shut down normally!
InnoDB: Starting crash recovery.
InnoDB: Reading tablespace information from the .ibd files...
InnoDB: Restoring possible half-written data pages from the doublewrite
InnoDB: buffer...
150104 15:17:02  InnoDB: Waiting for the background threads to start
150104 15:17:03 InnoDB: 1.1.8 started; log sequence number 1595675
150104 15:17:03 [Note] Server hostname (bind-address): '127.0.0.1'; port: 3306
150104 15:17:03 [Note]   - '127.0.0.1' resolves to '127.0.0.1';
150104 15:17:03 [Note] Server socket created on IP: '127.0.0.1'.
150104 15:17:03 [Note] Event Scheduler: Loaded 0 events
150104 15:17:03 [Note] \usr\local\mysql-5.5\bin\mysqld.exe: ready for connections.
Version: '5.5.25'  socket: ''  port: 3306  MySQL Community Server (GPL)
